Arguments: 
  /Users/lalmeida1/.nvm/versions/node/v14.18.0/bin/node /usr/local/Cellar/yarn/1.22.17/libexec/bin/yarn.js install

PATH: 
  /Users/lalmeida1/.yarn/bin:/Users/lalmeida1/.config/yarn/global/node_modules/.bin:/Users/lalmeida1/.nvm/versions/node/v14.18.0/bin:/Users/lalmeida1/dev/go/bin:/usr/local/opt/python/libexec/bin:/usr/local/bin:/usr/local/sbin:/bin:/bin:/bin:/usr/local/bin:/usr/bin:/bin:/usr/sbin:/sbin:/Applications/kitty.app/Contents/MacOS:/usr/local/opt/fzf/bin

Yarn version: 
  1.22.17

Node version: 
  14.18.0

Platform: 
  darwin x64

Trace: 
  Error: https://registry.npmjs.intuit.com/jest: Request "https://registry.npmjs.intuit.com/jest" returned a 403
      at Request.params.callback [as _callback] (/usr/local/Cellar/yarn/1.22.17/libexec/lib/cli.js:67038:18)
      at Request.self.callback (/usr/local/Cellar/yarn/1.22.17/libexec/lib/cli.js:140883:22)
      at Request.emit (events.js:400:28)
      at Request.<anonymous> (/usr/local/Cellar/yarn/1.22.17/libexec/lib/cli.js:141855:10)
      at Request.emit (events.js:400:28)
      at IncomingMessage.<anonymous> (/usr/local/Cellar/yarn/1.22.17/libexec/lib/cli.js:141777:12)
      at Object.onceWrapper (events.js:519:28)
      at IncomingMessage.emit (events.js:412:35)
      at endReadableNT (internal/streams/readable.js:1334:12)
      at processTicksAndRejections (internal/process/task_queues.js:82:21)

npm manifest: 
  {
    "name": "yarn-test",
    "version": "1.0.0",
    "main": "index.js",
    "license": "MIT",
    "dependencies": {
      "jest": "^27.4.7"
    }
  }

yarn manifest: 
  No manifest

Lockfile: 
  No lockfile
